<?xml version="1.0" encoding="UTF-8"?>
<testng-results ignored="0" total="2" passed="2" failed="0" skipped="0">
  <reporter-output>
  </reporter-output>
  <suite started-at="2023-02-25T17:14:59Z" name="Default suite" finished-at="2023-02-25T17:16:17Z" duration-ms="78497">
    <groups>
    </groups>
    <test started-at="2023-02-25T17:14:59Z" name="Default test" finished-at="2023-02-25T17:16:17Z" duration-ms="78497">
      <class name="com.excelr.ProjectWebMath.TestRunner.QuickHelpTest">
        <test-method is-config="true" signature="dataReader()[pri:0, instance:com.excelr.ProjectWebMath.TestRunner.QuickHelpTest@21ba0741]" started-at="2023-02-25T17:14:59Z" name="dataReader" finished-at="2023-02-25T17:14:59Z" duration-ms="38" status="PASS">
          <reporter-output>
          </reporter-output>
        </test-method> <!-- dataReader -->
        <test-method is-config="true" signature="preCondition()[pri:0, instance:com.excelr.ProjectWebMath.TestRunner.QuickHelpTest@21ba0741]" started-at="2023-02-25T17:14:59Z" name="preCondition" finished-at="2023-02-25T17:15:15Z" duration-ms="16044" status="PASS">
          <reporter-output>
          </reporter-output>
        </test-method> <!-- preCondition -->
        <test-method signature="convertTemperature()[pri:0, instance:com.excelr.ProjectWebMath.TestRunner.QuickHelpTest@21ba0741]" started-at="2023-02-25T17:15:15Z" name="convertTemperature" finished-at="2023-02-25T17:15:45Z" duration-ms="29919" status="PASS">
          <reporter-output>
          </reporter-output>
        </test-method> <!-- convertTemperature -->
        <test-method is-config="true" signature="preCondition()[pri:0, instance:com.excelr.ProjectWebMath.TestRunner.QuickHelpTest@21ba0741]" started-at="2023-02-25T17:15:45Z" name="preCondition" finished-at="2023-02-25T17:15:58Z" duration-ms="13066" status="PASS">
          <reporter-output>
          </reporter-output>
        </test-method> <!-- preCondition -->
        <test-method signature="inputZeroUnacceptableForFractionToDecimal()[pri:0, instance:com.excelr.ProjectWebMath.TestRunner.QuickHelpTest@21ba0741]" started-at="2023-02-25T17:15:58Z" name="inputZeroUnacceptableForFractionToDecimal" finished-at="2023-02-25T17:16:14Z" duration-ms="15528" status="PASS">
          <reporter-output>
          </reporter-output>
        </test-method> <!-- inputZeroUnacceptableForFractionToDecimal -->
        <test-method is-config="true" signature="conclusion()[pri:0, instance:com.excelr.ProjectWebMath.TestRunner.QuickHelpTest@21ba0741]" started-at="2023-02-25T17:16:14Z" name="conclusion" finished-at="2023-02-25T17:16:17Z" duration-ms="3819" status="PASS">
          <reporter-output>
          </reporter-output>
        </test-method> <!-- conclusion -->
      </class> <!-- com.excelr.ProjectWebMath.TestRunner.QuickHelpTest -->
    </test> <!-- Default test -->
  </suite> <!-- Default suite -->
</testng-results>
