<?xml version="1.0" encoding="UTF-8"?>
<!-- Generated by org.testng.reporters.JUnitXMLReporter -->
<testsuite ignored="0" hostname="Abhishek-Laptop" failures="0" tests="4" name="Command line test" time="83.239" errors="0" timestamp="26 Feb 2023 09:55:42 GMT">
  <testcase classname="com.excelr.ProjectWebMath.TestRunner.KindergartenGrade08Test" name="fractionNumeratorSmallerThanDenominator" time="3.741"/>
  <testcase classname="com.excelr.ProjectWebMath.TestRunner.KindergartenGrade08Test" name="studyRectangle" time="4.9"/>
  <testcase classname="com.excelr.ProjectWebMath.TestRunner.QuickHelpTest" name="convertTemperature" time="6.234"/>
  <testcase classname="com.excelr.ProjectWebMath.TestRunner.QuickHelpTest" name="inputZeroUnacceptableForFractionToDecimal" time="11.954"/>
</testsuite> <!-- Command line test -->
