<?xml version="1.0" encoding="UTF-8"?>
<testsuite name="TestSuite" time="26.832" tests="4" errors="0" skipped="0" failures="0">
  <properties>
[...]
</properties>
  <testcase name="fractionNumeratorSmallerThanDenominator" classname="com.excelr.ProjectWebMath.TestRunner.KindergartenGrade08Test" time="3.743"/>
  <testcase name="studyRectangle" classname="com.excelr.ProjectWebMath.TestRunner.KindergartenGrade08Test" time="4.905"/>
  <testcase name="convertTemperature" classname="com.excelr.ProjectWebMath.TestRunner.QuickHelpTest" time="6.234"/>
  <testcase name="inputZeroUnacceptableForFractionToDecimal" classname="com.excelr.ProjectWebMath.TestRunner.QuickHelpTest" time="11.95"/>
</testsuite>