<?xml version="1.0" encoding="UTF-8"?>
<testng-results ignored="0" total="4" passed="4" failed="0" skipped="0">
  <reporter-output>
  </reporter-output>
  <suite started-at="2023-02-23T14:37:24Z" name="Default suite" finished-at="2023-02-23T14:39:41Z" duration-ms="137196">
    <groups>
    </groups>
    <test started-at="2023-02-23T14:37:24Z" name="Default test" finished-at="2023-02-23T14:39:41Z" duration-ms="137196">
      <class name="com.excelr.ProjectOrangeHrm.TestScenario.TS_01_VerifyLogin">
        <test-method is-config="true" signature="dataReader()[pri:0, instance:com.excelr.ProjectOrangeHrm.TestScenario.TS_01_VerifyLogin@56673b2c]" started-at="2023-02-23T14:37:24Z" name="dataReader" finished-at="2023-02-23T14:37:24Z" duration-ms="73" status="PASS">
          <reporter-output>
          </reporter-output>
        </test-method> <!-- dataReader -->
        <test-method is-config="true" signature="preCondition()[pri:0, instance:com.excelr.ProjectOrangeHrm.TestScenario.TS_01_VerifyLogin@56673b2c]" started-at="2023-02-23T14:37:24Z" name="preCondition" finished-at="2023-02-23T14:37:46Z" duration-ms="21936" status="PASS">
          <reporter-output>
          </reporter-output>
        </test-method> <!-- preCondition -->
        <test-method signature="case01_LoginwithValidCredentials()[pri:0, instance:com.excelr.ProjectOrangeHrm.TestScenario.TS_01_VerifyLogin@56673b2c]" started-at="2023-02-23T14:37:46Z" name="case01_LoginwithValidCredentials" finished-at="2023-02-23T14:37:56Z" duration-ms="9948" status="PASS">
          <reporter-output>
          </reporter-output>
        </test-method> <!-- case01_LoginwithValidCredentials -->
        <test-method is-config="true" signature="conclusion()[pri:0, instance:com.excelr.ProjectOrangeHrm.TestScenario.TS_01_VerifyLogin@56673b2c]" started-at="2023-02-23T14:37:56Z" name="conclusion" finished-at="2023-02-23T14:38:02Z" duration-ms="6238" status="PASS">
          <reporter-output>
          </reporter-output>
        </test-method> <!-- conclusion -->
        <test-method is-config="true" signature="preCondition()[pri:0, instance:com.excelr.ProjectOrangeHrm.TestScenario.TS_01_VerifyLogin@56673b2c]" started-at="2023-02-23T14:38:02Z" name="preCondition" finished-at="2023-02-23T14:38:22Z" duration-ms="19991" status="PASS">
          <reporter-output>
          </reporter-output>
        </test-method> <!-- preCondition -->
        <test-method signature="case02_UsernameForLoginNotCaseSensitive()[pri:0, instance:com.excelr.ProjectOrangeHrm.TestScenario.TS_01_VerifyLogin@56673b2c]" started-at="2023-02-23T14:38:22Z" name="case02_UsernameForLoginNotCaseSensitive" finished-at="2023-02-23T14:38:31Z" duration-ms="8965" status="PASS">
          <reporter-output>
          </reporter-output>
        </test-method> <!-- case02_UsernameForLoginNotCaseSensitive -->
        <test-method is-config="true" signature="conclusion()[pri:0, instance:com.excelr.ProjectOrangeHrm.TestScenario.TS_01_VerifyLogin@56673b2c]" started-at="2023-02-23T14:38:31Z" name="conclusion" finished-at="2023-02-23T14:38:37Z" duration-ms="6243" status="PASS">
          <reporter-output>
          </reporter-output>
        </test-method> <!-- conclusion -->
        <test-method is-config="true" signature="preCondition()[pri:0, instance:com.excelr.ProjectOrangeHrm.TestScenario.TS_01_VerifyLogin@56673b2c]" started-at="2023-02-23T14:38:37Z" name="preCondition" finished-at="2023-02-23T14:38:53Z" duration-ms="15890" status="PASS">
          <reporter-output>
          </reporter-output>
        </test-method> <!-- preCondition -->
        <test-method signature="case03_NoLoginWithInvalidCredentials()[pri:0, instance:com.excelr.ProjectOrangeHrm.TestScenario.TS_01_VerifyLogin@56673b2c]" started-at="2023-02-23T14:38:53Z" name="case03_NoLoginWithInvalidCredentials" finished-at="2023-02-23T14:38:59Z" duration-ms="5536" status="PASS">
          <reporter-output>
          </reporter-output>
        </test-method> <!-- case03_NoLoginWithInvalidCredentials -->
        <test-method is-config="true" signature="conclusion()[pri:0, instance:com.excelr.ProjectOrangeHrm.TestScenario.TS_01_VerifyLogin@56673b2c]" started-at="2023-02-23T14:38:59Z" name="conclusion" finished-at="2023-02-23T14:39:09Z" duration-ms="9797" status="PASS">
          <reporter-output>
          </reporter-output>
        </test-method> <!-- conclusion -->
        <test-method is-config="true" signature="preCondition()[pri:0, instance:com.excelr.ProjectOrangeHrm.TestScenario.TS_01_VerifyLogin@56673b2c]" started-at="2023-02-23T14:39:09Z" name="preCondition" finished-at="2023-02-23T14:39:26Z" duration-ms="17698" status="PASS">
          <reporter-output>
          </reporter-output>
        </test-method> <!-- preCondition -->
        <test-method signature="case04_ValidUsernameInvalidPasswordNoLogin()[pri:0, instance:com.excelr.ProjectOrangeHrm.TestScenario.TS_01_VerifyLogin@56673b2c]" started-at="2023-02-23T14:39:26Z" name="case04_ValidUsernameInvalidPasswordNoLogin" finished-at="2023-02-23T14:39:34Z" duration-ms="8151" status="PASS">
          <reporter-output>
          </reporter-output>
        </test-method> <!-- case04_ValidUsernameInvalidPasswordNoLogin -->
        <test-method is-config="true" signature="conclusion()[pri:0, instance:com.excelr.ProjectOrangeHrm.TestScenario.TS_01_VerifyLogin@56673b2c]" started-at="2023-02-23T14:39:34Z" name="conclusion" finished-at="2023-02-23T14:39:41Z" duration-ms="6586" status="PASS">
          <reporter-output>
          </reporter-output>
        </test-method> <!-- conclusion -->
      </class> <!-- com.excelr.ProjectOrangeHrm.TestScenario.TS_01_VerifyLogin -->
    </test> <!-- Default test -->
  </suite> <!-- Default suite -->
</testng-results>
