<?xml version="1.0" encoding="UTF-8"?>
<!-- Generated by org.testng.reporters.JUnitXMLReporter -->
<testsuite ignored="0" hostname="Abhishek-Laptop" failures="0" tests="2" name="Default test" time="78.497" errors="0" timestamp="25 Feb 2023 17:16:17 GMT">
  <testcase classname="com.excelr.ProjectWebMath.TestRunner.QuickHelpTest" name="convertTemperature" time="29.919"/>
  <testcase classname="com.excelr.ProjectWebMath.TestRunner.QuickHelpTest" name="inputZeroUnacceptableForFractionToDecimal" time="15.528"/>
</testsuite> <!-- Default test -->
