<?xml version="1.0" encoding="UTF-8"?>
<!-- Generated by org.testng.reporters.JUnitXMLReporter -->
<testsuite ignored="0" hostname="Abhishek-Laptop" failures="0" tests="4" name="Default test" time="137.196" errors="0" timestamp="23 Feb 2023 14:39:41 GMT">
  <testcase classname="com.excelr.ProjectOrangeHrm.TestScenario.TS_01_VerifyLogin" name="case01_LoginwithValidCredentials" time="9.948"/>
  <testcase classname="com.excelr.ProjectOrangeHrm.TestScenario.TS_01_VerifyLogin" name="case02_UsernameForLoginNotCaseSensitive" time="8.965"/>
  <testcase classname="com.excelr.ProjectOrangeHrm.TestScenario.TS_01_VerifyLogin" name="case03_NoLoginWithInvalidCredentials" time="5.536"/>
  <testcase classname="com.excelr.ProjectOrangeHrm.TestScenario.TS_01_VerifyLogin" name="case04_ValidUsernameInvalidPasswordNoLogin" time="8.151"/>
</testsuite> <!-- Default test -->
